build/outputs/logs/manifest-merger-debug-report.txt
-- Merging decision tree log ---
manifest
ADDED from Desktop\MyResume\AndroidManifest.xml:2:1-90:12
	xmlns:android
		ADDED from Desktop\MyResume\AndroidManifest.xml:3:11-69
	package
		ADDED from Desktop\MyResume\AndroidManifest.xml:2:11-37
	android:versionName
		ADDED from Desktop\MyResume\AndroidManifest.xml:5:11-36
		INJECTED from Desktop\MyResume\AndroidManifest.xml
		INJECTED from Desktop\MyResume\AndroidManifest.xml
	android:versionCode
		ADDED from Desktop\MyResume\AndroidManifest.xml:4:11-34
		INJECTED from Desktop\MyResume\AndroidManifest.xml
		INJECTED from Desktop\MyResume\AndroidManifest.xml
uses-sdk
ADDED from Desktop\MyResume\AndroidManifest.xml:7:5-9:40
MERGED from [com.android.support:multidex:1.0.1] AndroidManifest.xml:18:5-42
MERGED from [MyResume:library:unspecified] AndroidManifest.xml:7:5-9:41
MERGED from [com.android.support:appcompat-v7:23.2.1] AndroidManifest.xml:21:5-23:78
MERGED from [com.android.support:support-v4:23.3.0] AndroidManifest.xml:20:5-43
MERGED from [com.android.support:animated-vector-drawable:23.2.1] AndroidManifest.xml:5:5-44
MERGED from [com.android.support:support-vector-drawable:23.2.1] AndroidManifest.xml:5:5-43
MERGED from [com.android.support:support-v4:23.3.0] AndroidManifest.xml:20:5-43
MERGED from [com.android.support:support-vector-drawable:23.2.1] AndroidManifest.xml:5:5-43
MERGED from [com.android.support:support-v4:23.3.0] AndroidManifest.xml:20:5-43
MERGED from [com.github.chrisbanes:PhotoView:1.2.6] AndroidManifest.xml:8:5-10:41
MERGED from [com.android.support:support-v4:23.3.0] AndroidManifest.xml:20:5-43
MERGED from [com.github.chrisbanes:PhotoView:1.2.6] AndroidManifest.xml:8:5-10:41
MERGED from [com.android.support:support-v4:23.3.0] AndroidManifest.xml:20:5-43
	android:targetSdkVersion
		ADDED from Desktop\MyResume\AndroidManifest.xml:9:9-38
	android:minSdkVersion
		ADDED from Desktop\MyResume\AndroidManifest.xml:8:9-35
	tools:overrideLibrary
		ADDED from [com.android.support:appcompat-v7:23.2.1] AndroidManifest.xml:23:9-75
uses-permission#android.permission.WRITE_EXTERNAL_STORAGE
ADDED from Desktop\MyResume\AndroidManifest.xml:11:5-80
	android:name
		ADDED from Desktop\MyResume\AndroidManifest.xml:11:22-78
uses-permission#android.permission.READ_PHONE_STATE
ADDED from Desktop\MyResume\AndroidManifest.xml:12:5-74
	android:name
		ADDED from Desktop\MyResume\AndroidManifest.xml:12:22-72
uses-permission#android.permission.READ_EXTERNAL_STORAGE
ADDED from Desktop\MyResume\AndroidManifest.xml:13:5-79
	android:name
		ADDED from Desktop\MyResume\AndroidManifest.xml:13:22-77
uses-permission#android.permission.MOUNT_UNMOUNT_FILESYSTEMS
ADDED from Desktop\MyResume\AndroidManifest.xml:16:5-83
	android:name
		ADDED from Desktop\MyResume\AndroidManifest.xml:16:22-81
uses-permission#android.permission.INTERNET
ADDED from Desktop\MyResume\AndroidManifest.xml:17:4-65
	android:name
		ADDED from Desktop\MyResume\AndroidManifest.xml:17:21-63
application
ADDED from Desktop\MyResume\AndroidManifest.xml:19:5-88:19
MERGED from [MyResume:library:unspecified] AndroidManifest.xml:11:5-20:19
MERGED from [com.android.support:appcompat-v7:23.2.1] AndroidManifest.xml:25:5-20
MERGED from [com.android.support:support-v4:23.3.0] AndroidManifest.xml:22:5-20
MERGED from [com.android.support:animated-vector-drawable:23.2.1] AndroidManifest.xml:7:5-20
MERGED from [com.android.support:support-vector-drawable:23.2.1] AndroidManifest.xml:7:5-20
MERGED from [com.android.support:support-v4:23.3.0] AndroidManifest.xml:22:5-20
MERGED from [com.android.support:support-vector-drawable:23.2.1] AndroidManifest.xml:7:5-20
MERGED from [com.android.support:support-v4:23.3.0] AndroidManifest.xml:22:5-20
MERGED from [com.android.support:support-v4:23.3.0] AndroidManifest.xml:22:5-20
MERGED from [com.android.support:support-v4:23.3.0] AndroidManifest.xml:22:5-20
	android:supportsRtl
		ADDED from [MyResume:library:unspecified] AndroidManifest.xml:13:9-35
	android:label
		ADDED from Desktop\MyResume\AndroidManifest.xml:22:9-41
	android:allowBackup
		ADDED from Desktop\MyResume\AndroidManifest.xml:20:9-35
	android:icon
		ADDED from Desktop\MyResume\AndroidManifest.xml:21:9-45
	android:theme
		ADDED from Desktop\MyResume\AndroidManifest.xml:23:9-40
activity#com.yqy.myresume.activity.MainLvActivity
ADDED from Desktop\MyResume\AndroidManifest.xml:25:9-33:20
	android:label
		ADDED from Desktop\MyResume\AndroidManifest.xml:27:13-45
	android:name
		ADDED from Desktop\MyResume\AndroidManifest.xml:26:13-52
intent-filter#android.intent.action.MAIN+android.intent.category.LAUNCHER
ADDED from Desktop\MyResume\AndroidManifest.xml:28:13-32:29
action#android.intent.action.MAIN
ADDED from Desktop\MyResume\AndroidManifest.xml:29:17-68
	android:name
		ADDED from Desktop\MyResume\AndroidManifest.xml:29:25-66
category#android.intent.category.LAUNCHER
ADDED from Desktop\MyResume\AndroidManifest.xml:31:17-76
	android:name
		ADDED from Desktop\MyResume\AndroidManifest.xml:31:27-74
activity#com.yqy.myresume.activity.info.InfoActivity
ADDED from Desktop\MyResume\AndroidManifest.xml:34:9-37:20
	android:label
		ADDED from Desktop\MyResume\AndroidManifest.xml:36:13-56
	android:name
		ADDED from Desktop\MyResume\AndroidManifest.xml:35:13-55
activity#com.yqy.myresume.activity.SettingActivity
ADDED from Desktop\MyResume\AndroidManifest.xml:38:9-41:20
	android:label
		ADDED from Desktop\MyResume\AndroidManifest.xml:40:13-59
	android:name
		ADDED from Desktop\MyResume\AndroidManifest.xml:39:13-53
activity#com.yqy.myresume.activity.info.InfoModifyActivity
ADDED from Desktop\MyResume\AndroidManifest.xml:42:9-45:20
	android:label
		ADDED from Desktop\MyResume\AndroidManifest.xml:44:13-63
	android:name
		ADDED from Desktop\MyResume\AndroidManifest.xml:43:13-61
activity#com.yqy.myresume.activity.info.InfoChooiceDateActivity
ADDED from Desktop\MyResume\AndroidManifest.xml:46:9-49:20
	android:label
		ADDED from Desktop\MyResume\AndroidManifest.xml:48:13-63
	android:name
		ADDED from Desktop\MyResume\AndroidManifest.xml:47:13-66
activity#com.yqy.myresume.activity.project.ProjectLvActivity
ADDED from Desktop\MyResume\AndroidManifest.xml:50:9-53:20
	android:label
		ADDED from Desktop\MyResume\AndroidManifest.xml:52:13-62
	android:name
		ADDED from Desktop\MyResume\AndroidManifest.xml:51:13-63
activity#com.yqy.myresume.activity.project.ProjectAddActivity
ADDED from Desktop\MyResume\AndroidManifest.xml:54:9-57:20
	android:label
		ADDED from Desktop\MyResume\AndroidManifest.xml:56:13-63
	android:name
		ADDED from Desktop\MyResume\AndroidManifest.xml:55:13-64
activity#com.yqy.myresume.activity.project.ProjectModifyActivity
ADDED from Desktop\MyResume\AndroidManifest.xml:58:9-61:20
	android:label
		ADDED from Desktop\MyResume\AndroidManifest.xml:60:13-66
	android:name
		ADDED from Desktop\MyResume\AndroidManifest.xml:59:13-67
activity#com.yqy.myresume.activity.utils.RadioActivity
ADDED from Desktop\MyResume\AndroidManifest.xml:62:9-65:20
	android:label
		ADDED from Desktop\MyResume\AndroidManifest.xml:64:13-57
	android:name
		ADDED from Desktop\MyResume\AndroidManifest.xml:63:13-57
activity#com.yqy.myresume.activity.utils.ChoiceDateActivity
ADDED from Desktop\MyResume\AndroidManifest.xml:66:9-69:20
	android:label
		ADDED from Desktop\MyResume\AndroidManifest.xml:68:13-63
	android:name
		ADDED from Desktop\MyResume\AndroidManifest.xml:67:13-62
activity#com.yqy.myresume.activity.work.WorkLvActivity
ADDED from Desktop\MyResume\AndroidManifest.xml:70:9-73:20
	android:label
		ADDED from Desktop\MyResume\AndroidManifest.xml:72:13-59
	android:name
		ADDED from Desktop\MyResume\AndroidManifest.xml:71:13-57
activity#com.yqy.myresume.activity.education.EducationActivity
ADDED from Desktop\MyResume\AndroidManifest.xml:74:9-75:20
	android:name
		ADDED from Desktop\MyResume\AndroidManifest.xml:74:19-71
activity#com.yqy.myresume.activity.education.EducationModifyActivity
ADDED from Desktop\MyResume\AndroidManifest.xml:76:9-77:20
	android:name
		ADDED from Desktop\MyResume\AndroidManifest.xml:76:19-77
activity#com.yqy.myresume.activity.education.Education2Activity
ADDED from Desktop\MyResume\AndroidManifest.xml:78:9-79:20
	android:name
		ADDED from Desktop\MyResume\AndroidManifest.xml:78:19-72
activity#com.yqy.myresume.activity.education.EducationModify2Activity
ADDED from Desktop\MyResume\AndroidManifest.xml:80:9-81:20
	android:name
		ADDED from Desktop\MyResume\AndroidManifest.xml:80:19-78
activity#com.yqy.myresume.activity.project.ProjectShowActivity
ADDED from Desktop\MyResume\AndroidManifest.xml:82:9-83:20
	android:name
		ADDED from Desktop\MyResume\AndroidManifest.xml:82:19-71
activity#com.yqy.myresume.activity.project.ProjectSingleShowActivity
ADDED from Desktop\MyResume\AndroidManifest.xml:84:9-85:20
	android:name
		ADDED from Desktop\MyResume\AndroidManifest.xml:84:19-77
activity#com.yqy.myresume.activity.share.ShareWebviewActivity
ADDED from Desktop\MyResume\AndroidManifest.xml:86:9-87:20
	android:name
		ADDED from Desktop\MyResume\AndroidManifest.xml:86:19-70
activity#com.maplejaw.library.PhotoPickActivity
ADDED from [MyResume:library:unspecified] AndroidManifest.xml:14:9-15:20
	android:name
		ADDED from [MyResume:library:unspecified] AndroidManifest.xml:14:19-72
activity#com.maplejaw.library.AlbumPickActivity
ADDED from [MyResume:library:unspecified] AndroidManifest.xml:16:9-17:20
	android:name
		ADDED from [MyResume:library:unspecified] AndroidManifest.xml:16:19-72
activity#com.maplejaw.library.PhotoPreviewActivity
ADDED from [MyResume:library:unspecified] AndroidManifest.xml:18:9-19:20
	android:name
		ADDED from [MyResume:library:unspecified] AndroidManifest.xml:18:19-75